[2024-01-13T20:52:45.769+0000] {processor.py:161} INFO - Started process (PID=169) to work on /opt/airflow/dags/data_ingestion_gcs_dag.py
[2024-01-13T20:52:45.774+0000] {processor.py:830} INFO - Processing file /opt/airflow/dags/data_ingestion_gcs_dag.py for tasks to queue
[2024-01-13T20:52:45.776+0000] {logging_mixin.py:188} INFO - [2024-01-13T20:52:45.776+0000] {dagbag.py:538} INFO - Filling up the DagBag from /opt/airflow/dags/data_ingestion_gcs_dag.py
[2024-01-13T20:52:45.859+0000] {processor.py:840} INFO - DAG(s) 'data_ingestion_gcs_dag' retrieved from /opt/airflow/dags/data_ingestion_gcs_dag.py
[2024-01-13T20:52:45.990+0000] {logging_mixin.py:188} INFO - [2024-01-13T20:52:45.989+0000] {override.py:1769} INFO - Created Permission View: can read on DAG:data_ingestion_gcs_dag
[2024-01-13T20:52:45.997+0000] {logging_mixin.py:188} INFO - [2024-01-13T20:52:45.997+0000] {override.py:1769} INFO - Created Permission View: can delete on DAG:data_ingestion_gcs_dag
[2024-01-13T20:52:46.002+0000] {logging_mixin.py:188} INFO - [2024-01-13T20:52:46.002+0000] {override.py:1769} INFO - Created Permission View: can edit on DAG:data_ingestion_gcs_dag
[2024-01-13T20:52:46.004+0000] {logging_mixin.py:188} INFO - [2024-01-13T20:52:46.003+0000] {dag.py:3033} INFO - Sync 1 DAGs
[2024-01-13T20:52:46.014+0000] {logging_mixin.py:188} INFO - [2024-01-13T20:52:46.014+0000] {dag.py:3055} INFO - Creating ORM DAG for data_ingestion_gcs_dag
[2024-01-13T20:52:46.026+0000] {logging_mixin.py:188} INFO - [2024-01-13T20:52:46.026+0000] {dag.py:3820} INFO - Setting next_dagrun for data_ingestion_gcs_dag to 2024-01-12T00:00:00+00:00, run_after=2024-01-13T00:00:00+00:00
[2024-01-13T20:52:46.050+0000] {processor.py:183} INFO - Processing /opt/airflow/dags/data_ingestion_gcs_dag.py took 0.284 seconds
[2024-01-13T20:53:16.288+0000] {processor.py:161} INFO - Started process (PID=198) to work on /opt/airflow/dags/data_ingestion_gcs_dag.py
[2024-01-13T20:53:16.295+0000] {processor.py:830} INFO - Processing file /opt/airflow/dags/data_ingestion_gcs_dag.py for tasks to queue
[2024-01-13T20:53:16.299+0000] {logging_mixin.py:188} INFO - [2024-01-13T20:53:16.298+0000] {dagbag.py:538} INFO - Filling up the DagBag from /opt/airflow/dags/data_ingestion_gcs_dag.py
[2024-01-13T20:53:16.332+0000] {processor.py:840} INFO - DAG(s) 'data_ingestion_gcs_dag' retrieved from /opt/airflow/dags/data_ingestion_gcs_dag.py
[2024-01-13T20:53:16.353+0000] {logging_mixin.py:188} INFO - [2024-01-13T20:53:16.353+0000] {dag.py:3033} INFO - Sync 1 DAGs
[2024-01-13T20:53:16.370+0000] {logging_mixin.py:188} INFO - [2024-01-13T20:53:16.369+0000] {dag.py:3820} INFO - Setting next_dagrun for data_ingestion_gcs_dag to 2024-01-12T00:00:00+00:00, run_after=2024-01-13T00:00:00+00:00
[2024-01-13T20:53:16.383+0000] {processor.py:183} INFO - Processing /opt/airflow/dags/data_ingestion_gcs_dag.py took 0.098 seconds
[2024-01-13T20:53:46.540+0000] {processor.py:161} INFO - Started process (PID=227) to work on /opt/airflow/dags/data_ingestion_gcs_dag.py
[2024-01-13T20:53:46.542+0000] {processor.py:830} INFO - Processing file /opt/airflow/dags/data_ingestion_gcs_dag.py for tasks to queue
[2024-01-13T20:53:46.545+0000] {logging_mixin.py:188} INFO - [2024-01-13T20:53:46.545+0000] {dagbag.py:538} INFO - Filling up the DagBag from /opt/airflow/dags/data_ingestion_gcs_dag.py
[2024-01-13T20:53:46.578+0000] {processor.py:840} INFO - DAG(s) 'data_ingestion_gcs_dag' retrieved from /opt/airflow/dags/data_ingestion_gcs_dag.py
[2024-01-13T20:53:46.602+0000] {logging_mixin.py:188} INFO - [2024-01-13T20:53:46.602+0000] {dag.py:3033} INFO - Sync 1 DAGs
[2024-01-13T20:53:46.623+0000] {logging_mixin.py:188} INFO - [2024-01-13T20:53:46.623+0000] {dag.py:3820} INFO - Setting next_dagrun for data_ingestion_gcs_dag to 2024-01-12T00:00:00+00:00, run_after=2024-01-13T00:00:00+00:00
[2024-01-13T20:53:46.645+0000] {processor.py:183} INFO - Processing /opt/airflow/dags/data_ingestion_gcs_dag.py took 0.108 seconds
[2024-01-13T20:54:16.974+0000] {processor.py:161} INFO - Started process (PID=247) to work on /opt/airflow/dags/data_ingestion_gcs_dag.py
[2024-01-13T20:54:16.979+0000] {processor.py:830} INFO - Processing file /opt/airflow/dags/data_ingestion_gcs_dag.py for tasks to queue
[2024-01-13T20:54:16.987+0000] {logging_mixin.py:188} INFO - [2024-01-13T20:54:16.986+0000] {dagbag.py:538} INFO - Filling up the DagBag from /opt/airflow/dags/data_ingestion_gcs_dag.py
[2024-01-13T20:54:17.027+0000] {processor.py:840} INFO - DAG(s) 'data_ingestion_gcs_dag' retrieved from /opt/airflow/dags/data_ingestion_gcs_dag.py
[2024-01-13T20:54:17.056+0000] {logging_mixin.py:188} INFO - [2024-01-13T20:54:17.056+0000] {dag.py:3033} INFO - Sync 1 DAGs
[2024-01-13T20:54:17.072+0000] {logging_mixin.py:188} INFO - [2024-01-13T20:54:17.072+0000] {dag.py:3820} INFO - Setting next_dagrun for data_ingestion_gcs_dag to 2024-01-12T00:00:00+00:00, run_after=2024-01-13T00:00:00+00:00
[2024-01-13T20:54:17.086+0000] {processor.py:183} INFO - Processing /opt/airflow/dags/data_ingestion_gcs_dag.py took 0.120 seconds
[2024-01-13T20:54:47.330+0000] {processor.py:161} INFO - Started process (PID=286) to work on /opt/airflow/dags/data_ingestion_gcs_dag.py
[2024-01-13T20:54:47.332+0000] {processor.py:830} INFO - Processing file /opt/airflow/dags/data_ingestion_gcs_dag.py for tasks to queue
[2024-01-13T20:54:47.336+0000] {logging_mixin.py:188} INFO - [2024-01-13T20:54:47.335+0000] {dagbag.py:538} INFO - Filling up the DagBag from /opt/airflow/dags/data_ingestion_gcs_dag.py
[2024-01-13T20:54:47.381+0000] {processor.py:840} INFO - DAG(s) 'data_ingestion_gcs_dag' retrieved from /opt/airflow/dags/data_ingestion_gcs_dag.py
[2024-01-13T20:54:47.404+0000] {logging_mixin.py:188} INFO - [2024-01-13T20:54:47.404+0000] {dag.py:3033} INFO - Sync 1 DAGs
[2024-01-13T20:54:47.437+0000] {processor.py:183} INFO - Processing /opt/airflow/dags/data_ingestion_gcs_dag.py took 0.111 seconds
[2024-01-13T20:55:17.737+0000] {processor.py:161} INFO - Started process (PID=315) to work on /opt/airflow/dags/data_ingestion_gcs_dag.py
[2024-01-13T20:55:17.739+0000] {processor.py:830} INFO - Processing file /opt/airflow/dags/data_ingestion_gcs_dag.py for tasks to queue
[2024-01-13T20:55:17.743+0000] {logging_mixin.py:188} INFO - [2024-01-13T20:55:17.743+0000] {dagbag.py:538} INFO - Filling up the DagBag from /opt/airflow/dags/data_ingestion_gcs_dag.py
[2024-01-13T20:55:17.781+0000] {processor.py:840} INFO - DAG(s) 'data_ingestion_gcs_dag' retrieved from /opt/airflow/dags/data_ingestion_gcs_dag.py
[2024-01-13T20:55:17.811+0000] {logging_mixin.py:188} INFO - [2024-01-13T20:55:17.810+0000] {dag.py:3033} INFO - Sync 1 DAGs
[2024-01-13T20:55:17.836+0000] {processor.py:183} INFO - Processing /opt/airflow/dags/data_ingestion_gcs_dag.py took 0.104 seconds
[2024-01-13T20:55:23.939+0000] {processor.py:161} INFO - Started process (PID=320) to work on /opt/airflow/dags/data_ingestion_gcs_dag.py
[2024-01-13T20:55:23.940+0000] {processor.py:830} INFO - Processing file /opt/airflow/dags/data_ingestion_gcs_dag.py for tasks to queue
[2024-01-13T20:55:23.944+0000] {logging_mixin.py:188} INFO - [2024-01-13T20:55:23.944+0000] {dagbag.py:538} INFO - Filling up the DagBag from /opt/airflow/dags/data_ingestion_gcs_dag.py
[2024-01-13T20:55:23.996+0000] {processor.py:840} INFO - DAG(s) 'data_ingestion_gcs_dag' retrieved from /opt/airflow/dags/data_ingestion_gcs_dag.py
[2024-01-13T20:55:24.022+0000] {logging_mixin.py:188} INFO - [2024-01-13T20:55:24.022+0000] {dag.py:3033} INFO - Sync 1 DAGs
[2024-01-13T20:55:24.052+0000] {processor.py:183} INFO - Processing /opt/airflow/dags/data_ingestion_gcs_dag.py took 0.119 seconds
[2024-01-13T20:55:54.273+0000] {processor.py:161} INFO - Started process (PID=348) to work on /opt/airflow/dags/data_ingestion_gcs_dag.py
[2024-01-13T20:55:54.275+0000] {processor.py:830} INFO - Processing file /opt/airflow/dags/data_ingestion_gcs_dag.py for tasks to queue
[2024-01-13T20:55:54.279+0000] {logging_mixin.py:188} INFO - [2024-01-13T20:55:54.279+0000] {dagbag.py:538} INFO - Filling up the DagBag from /opt/airflow/dags/data_ingestion_gcs_dag.py
[2024-01-13T20:55:54.322+0000] {processor.py:840} INFO - DAG(s) 'data_ingestion_gcs_dag' retrieved from /opt/airflow/dags/data_ingestion_gcs_dag.py
[2024-01-13T20:55:54.345+0000] {logging_mixin.py:188} INFO - [2024-01-13T20:55:54.345+0000] {dag.py:3033} INFO - Sync 1 DAGs
[2024-01-13T20:55:54.374+0000] {processor.py:183} INFO - Processing /opt/airflow/dags/data_ingestion_gcs_dag.py took 0.106 seconds
[2024-01-13T20:56:24.690+0000] {processor.py:161} INFO - Started process (PID=377) to work on /opt/airflow/dags/data_ingestion_gcs_dag.py
[2024-01-13T20:56:24.693+0000] {processor.py:830} INFO - Processing file /opt/airflow/dags/data_ingestion_gcs_dag.py for tasks to queue
[2024-01-13T20:56:24.702+0000] {logging_mixin.py:188} INFO - [2024-01-13T20:56:24.702+0000] {dagbag.py:538} INFO - Filling up the DagBag from /opt/airflow/dags/data_ingestion_gcs_dag.py
[2024-01-13T20:56:24.745+0000] {processor.py:840} INFO - DAG(s) 'data_ingestion_gcs_dag' retrieved from /opt/airflow/dags/data_ingestion_gcs_dag.py
[2024-01-13T20:56:24.776+0000] {logging_mixin.py:188} INFO - [2024-01-13T20:56:24.776+0000] {dag.py:3033} INFO - Sync 1 DAGs
[2024-01-13T20:56:24.808+0000] {processor.py:183} INFO - Processing /opt/airflow/dags/data_ingestion_gcs_dag.py took 0.123 seconds
[2024-01-13T20:56:55.041+0000] {processor.py:161} INFO - Started process (PID=397) to work on /opt/airflow/dags/data_ingestion_gcs_dag.py
[2024-01-13T20:56:55.046+0000] {processor.py:830} INFO - Processing file /opt/airflow/dags/data_ingestion_gcs_dag.py for tasks to queue
[2024-01-13T20:56:55.051+0000] {logging_mixin.py:188} INFO - [2024-01-13T20:56:55.050+0000] {dagbag.py:538} INFO - Filling up the DagBag from /opt/airflow/dags/data_ingestion_gcs_dag.py
[2024-01-13T20:56:55.088+0000] {processor.py:840} INFO - DAG(s) 'data_ingestion_gcs_dag' retrieved from /opt/airflow/dags/data_ingestion_gcs_dag.py
[2024-01-13T20:56:55.117+0000] {logging_mixin.py:188} INFO - [2024-01-13T20:56:55.117+0000] {dag.py:3033} INFO - Sync 1 DAGs
[2024-01-13T20:56:55.154+0000] {processor.py:183} INFO - Processing /opt/airflow/dags/data_ingestion_gcs_dag.py took 0.118 seconds
[2024-01-13T20:57:25.460+0000] {processor.py:161} INFO - Started process (PID=426) to work on /opt/airflow/dags/data_ingestion_gcs_dag.py
[2024-01-13T20:57:25.463+0000] {processor.py:830} INFO - Processing file /opt/airflow/dags/data_ingestion_gcs_dag.py for tasks to queue
[2024-01-13T20:57:25.467+0000] {logging_mixin.py:188} INFO - [2024-01-13T20:57:25.467+0000] {dagbag.py:538} INFO - Filling up the DagBag from /opt/airflow/dags/data_ingestion_gcs_dag.py
[2024-01-13T20:57:25.508+0000] {processor.py:840} INFO - DAG(s) 'data_ingestion_gcs_dag' retrieved from /opt/airflow/dags/data_ingestion_gcs_dag.py
[2024-01-13T20:57:25.536+0000] {logging_mixin.py:188} INFO - [2024-01-13T20:57:25.536+0000] {dag.py:3033} INFO - Sync 1 DAGs
[2024-01-13T20:57:25.568+0000] {processor.py:183} INFO - Processing /opt/airflow/dags/data_ingestion_gcs_dag.py took 0.114 seconds
[2024-01-13T20:57:55.826+0000] {processor.py:161} INFO - Started process (PID=447) to work on /opt/airflow/dags/data_ingestion_gcs_dag.py
[2024-01-13T20:57:55.828+0000] {processor.py:830} INFO - Processing file /opt/airflow/dags/data_ingestion_gcs_dag.py for tasks to queue
[2024-01-13T20:57:55.833+0000] {logging_mixin.py:188} INFO - [2024-01-13T20:57:55.832+0000] {dagbag.py:538} INFO - Filling up the DagBag from /opt/airflow/dags/data_ingestion_gcs_dag.py
[2024-01-13T20:57:55.873+0000] {processor.py:840} INFO - DAG(s) 'data_ingestion_gcs_dag' retrieved from /opt/airflow/dags/data_ingestion_gcs_dag.py
[2024-01-13T20:57:55.899+0000] {logging_mixin.py:188} INFO - [2024-01-13T20:57:55.898+0000] {dag.py:3033} INFO - Sync 1 DAGs
[2024-01-13T20:57:55.927+0000] {processor.py:183} INFO - Processing /opt/airflow/dags/data_ingestion_gcs_dag.py took 0.107 seconds
[2024-01-13T20:58:26.204+0000] {processor.py:161} INFO - Started process (PID=477) to work on /opt/airflow/dags/data_ingestion_gcs_dag.py
[2024-01-13T20:58:26.207+0000] {processor.py:830} INFO - Processing file /opt/airflow/dags/data_ingestion_gcs_dag.py for tasks to queue
[2024-01-13T20:58:26.215+0000] {logging_mixin.py:188} INFO - [2024-01-13T20:58:26.215+0000] {dagbag.py:538} INFO - Filling up the DagBag from /opt/airflow/dags/data_ingestion_gcs_dag.py
[2024-01-13T20:58:26.262+0000] {processor.py:840} INFO - DAG(s) 'data_ingestion_gcs_dag' retrieved from /opt/airflow/dags/data_ingestion_gcs_dag.py
[2024-01-13T20:58:26.294+0000] {logging_mixin.py:188} INFO - [2024-01-13T20:58:26.293+0000] {dag.py:3033} INFO - Sync 1 DAGs
[2024-01-13T20:58:26.331+0000] {processor.py:183} INFO - Processing /opt/airflow/dags/data_ingestion_gcs_dag.py took 0.137 seconds
[2024-01-13T20:58:56.565+0000] {processor.py:161} INFO - Started process (PID=506) to work on /opt/airflow/dags/data_ingestion_gcs_dag.py
[2024-01-13T20:58:56.569+0000] {processor.py:830} INFO - Processing file /opt/airflow/dags/data_ingestion_gcs_dag.py for tasks to queue
[2024-01-13T20:58:56.575+0000] {logging_mixin.py:188} INFO - [2024-01-13T20:58:56.574+0000] {dagbag.py:538} INFO - Filling up the DagBag from /opt/airflow/dags/data_ingestion_gcs_dag.py
[2024-01-13T20:58:56.623+0000] {processor.py:840} INFO - DAG(s) 'data_ingestion_gcs_dag' retrieved from /opt/airflow/dags/data_ingestion_gcs_dag.py
[2024-01-13T20:58:56.648+0000] {logging_mixin.py:188} INFO - [2024-01-13T20:58:56.648+0000] {dag.py:3033} INFO - Sync 1 DAGs
[2024-01-13T20:58:56.687+0000] {processor.py:183} INFO - Processing /opt/airflow/dags/data_ingestion_gcs_dag.py took 0.127 seconds
[2024-01-13T20:59:26.890+0000] {processor.py:161} INFO - Started process (PID=527) to work on /opt/airflow/dags/data_ingestion_gcs_dag.py
[2024-01-13T20:59:26.892+0000] {processor.py:830} INFO - Processing file /opt/airflow/dags/data_ingestion_gcs_dag.py for tasks to queue
[2024-01-13T20:59:26.896+0000] {logging_mixin.py:188} INFO - [2024-01-13T20:59:26.896+0000] {dagbag.py:538} INFO - Filling up the DagBag from /opt/airflow/dags/data_ingestion_gcs_dag.py
[2024-01-13T20:59:26.938+0000] {processor.py:840} INFO - DAG(s) 'data_ingestion_gcs_dag' retrieved from /opt/airflow/dags/data_ingestion_gcs_dag.py
[2024-01-13T20:59:26.969+0000] {logging_mixin.py:188} INFO - [2024-01-13T20:59:26.969+0000] {dag.py:3033} INFO - Sync 1 DAGs
[2024-01-13T20:59:27.003+0000] {processor.py:183} INFO - Processing /opt/airflow/dags/data_ingestion_gcs_dag.py took 0.118 seconds
[2024-01-13T20:59:36.028+0000] {processor.py:161} INFO - Started process (PID=539) to work on /opt/airflow/dags/data_ingestion_gcs_dag.py
[2024-01-13T20:59:36.031+0000] {processor.py:830} INFO - Processing file /opt/airflow/dags/data_ingestion_gcs_dag.py for tasks to queue
[2024-01-13T20:59:36.034+0000] {logging_mixin.py:188} INFO - [2024-01-13T20:59:36.034+0000] {dagbag.py:538} INFO - Filling up the DagBag from /opt/airflow/dags/data_ingestion_gcs_dag.py
[2024-01-13T20:59:36.083+0000] {processor.py:840} INFO - DAG(s) 'data_ingestion_gcs_dag' retrieved from /opt/airflow/dags/data_ingestion_gcs_dag.py
[2024-01-13T20:59:36.109+0000] {logging_mixin.py:188} INFO - [2024-01-13T20:59:36.108+0000] {dag.py:3033} INFO - Sync 1 DAGs
[2024-01-13T20:59:36.145+0000] {processor.py:183} INFO - Processing /opt/airflow/dags/data_ingestion_gcs_dag.py took 0.122 seconds
[2024-01-13T21:00:06.506+0000] {processor.py:161} INFO - Started process (PID=581) to work on /opt/airflow/dags/data_ingestion_gcs_dag.py
[2024-01-13T21:00:06.509+0000] {processor.py:830} INFO - Processing file /opt/airflow/dags/data_ingestion_gcs_dag.py for tasks to queue
[2024-01-13T21:00:06.513+0000] {logging_mixin.py:188} INFO - [2024-01-13T21:00:06.512+0000] {dagbag.py:538} INFO - Filling up the DagBag from /opt/airflow/dags/data_ingestion_gcs_dag.py
[2024-01-13T21:00:06.548+0000] {processor.py:840} INFO - DAG(s) 'data_ingestion_gcs_dag' retrieved from /opt/airflow/dags/data_ingestion_gcs_dag.py
[2024-01-13T21:00:06.574+0000] {logging_mixin.py:188} INFO - [2024-01-13T21:00:06.573+0000] {dag.py:3033} INFO - Sync 1 DAGs
[2024-01-13T21:00:06.603+0000] {processor.py:183} INFO - Processing /opt/airflow/dags/data_ingestion_gcs_dag.py took 0.101 seconds
[2024-01-13T21:00:36.848+0000] {processor.py:161} INFO - Started process (PID=602) to work on /opt/airflow/dags/data_ingestion_gcs_dag.py
[2024-01-13T21:00:36.852+0000] {processor.py:830} INFO - Processing file /opt/airflow/dags/data_ingestion_gcs_dag.py for tasks to queue
[2024-01-13T21:00:36.859+0000] {logging_mixin.py:188} INFO - [2024-01-13T21:00:36.859+0000] {dagbag.py:538} INFO - Filling up the DagBag from /opt/airflow/dags/data_ingestion_gcs_dag.py
[2024-01-13T21:00:36.902+0000] {processor.py:840} INFO - DAG(s) 'data_ingestion_gcs_dag' retrieved from /opt/airflow/dags/data_ingestion_gcs_dag.py
[2024-01-13T21:00:36.930+0000] {logging_mixin.py:188} INFO - [2024-01-13T21:00:36.930+0000] {dag.py:3033} INFO - Sync 1 DAGs
[2024-01-13T21:00:36.956+0000] {processor.py:183} INFO - Processing /opt/airflow/dags/data_ingestion_gcs_dag.py took 0.117 seconds
[2024-01-13T21:01:07.122+0000] {processor.py:161} INFO - Started process (PID=631) to work on /opt/airflow/dags/data_ingestion_gcs_dag.py
[2024-01-13T21:01:07.125+0000] {processor.py:830} INFO - Processing file /opt/airflow/dags/data_ingestion_gcs_dag.py for tasks to queue
[2024-01-13T21:01:07.134+0000] {logging_mixin.py:188} INFO - [2024-01-13T21:01:07.133+0000] {dagbag.py:538} INFO - Filling up the DagBag from /opt/airflow/dags/data_ingestion_gcs_dag.py
[2024-01-13T21:01:07.164+0000] {processor.py:840} INFO - DAG(s) 'data_ingestion_gcs_dag' retrieved from /opt/airflow/dags/data_ingestion_gcs_dag.py
[2024-01-13T21:01:07.189+0000] {logging_mixin.py:188} INFO - [2024-01-13T21:01:07.188+0000] {dag.py:3033} INFO - Sync 1 DAGs
[2024-01-13T21:01:07.214+0000] {processor.py:183} INFO - Processing /opt/airflow/dags/data_ingestion_gcs_dag.py took 0.096 seconds
[2024-01-13T21:01:37.466+0000] {processor.py:161} INFO - Started process (PID=660) to work on /opt/airflow/dags/data_ingestion_gcs_dag.py
[2024-01-13T21:01:37.469+0000] {processor.py:830} INFO - Processing file /opt/airflow/dags/data_ingestion_gcs_dag.py for tasks to queue
[2024-01-13T21:01:37.477+0000] {logging_mixin.py:188} INFO - [2024-01-13T21:01:37.476+0000] {dagbag.py:538} INFO - Filling up the DagBag from /opt/airflow/dags/data_ingestion_gcs_dag.py
[2024-01-13T21:01:37.526+0000] {processor.py:840} INFO - DAG(s) 'data_ingestion_gcs_dag' retrieved from /opt/airflow/dags/data_ingestion_gcs_dag.py
[2024-01-13T21:01:37.558+0000] {logging_mixin.py:188} INFO - [2024-01-13T21:01:37.557+0000] {dag.py:3033} INFO - Sync 1 DAGs
[2024-01-13T21:01:37.602+0000] {processor.py:183} INFO - Processing /opt/airflow/dags/data_ingestion_gcs_dag.py took 0.140 seconds
[2024-01-13T21:02:07.803+0000] {processor.py:161} INFO - Started process (PID=680) to work on /opt/airflow/dags/data_ingestion_gcs_dag.py
[2024-01-13T21:02:07.807+0000] {processor.py:830} INFO - Processing file /opt/airflow/dags/data_ingestion_gcs_dag.py for tasks to queue
[2024-01-13T21:02:07.811+0000] {logging_mixin.py:188} INFO - [2024-01-13T21:02:07.810+0000] {dagbag.py:538} INFO - Filling up the DagBag from /opt/airflow/dags/data_ingestion_gcs_dag.py
[2024-01-13T21:02:07.856+0000] {processor.py:840} INFO - DAG(s) 'data_ingestion_gcs_dag' retrieved from /opt/airflow/dags/data_ingestion_gcs_dag.py
[2024-01-13T21:02:07.886+0000] {logging_mixin.py:188} INFO - [2024-01-13T21:02:07.886+0000] {dag.py:3033} INFO - Sync 1 DAGs
[2024-01-13T21:02:07.913+0000] {processor.py:183} INFO - Processing /opt/airflow/dags/data_ingestion_gcs_dag.py took 0.114 seconds
[2024-01-13T21:02:38.157+0000] {processor.py:161} INFO - Started process (PID=709) to work on /opt/airflow/dags/data_ingestion_gcs_dag.py
[2024-01-13T21:02:38.159+0000] {processor.py:830} INFO - Processing file /opt/airflow/dags/data_ingestion_gcs_dag.py for tasks to queue
[2024-01-13T21:02:38.163+0000] {logging_mixin.py:188} INFO - [2024-01-13T21:02:38.163+0000] {dagbag.py:538} INFO - Filling up the DagBag from /opt/airflow/dags/data_ingestion_gcs_dag.py
[2024-01-13T21:02:38.196+0000] {processor.py:840} INFO - DAG(s) 'data_ingestion_gcs_dag' retrieved from /opt/airflow/dags/data_ingestion_gcs_dag.py
[2024-01-13T21:02:38.216+0000] {logging_mixin.py:188} INFO - [2024-01-13T21:02:38.216+0000] {dag.py:3033} INFO - Sync 1 DAGs
[2024-01-13T21:02:38.245+0000] {processor.py:183} INFO - Processing /opt/airflow/dags/data_ingestion_gcs_dag.py took 0.096 seconds
