[2024-01-10T21:17:57.264+0000] {processor.py:161} INFO - Started process (PID=194) to work on /opt/airflow/dags/data_ingestion_gcs_dag.py
[2024-01-10T21:17:57.276+0000] {processor.py:830} INFO - Processing file /opt/airflow/dags/data_ingestion_gcs_dag.py for tasks to queue
[2024-01-10T21:17:57.301+0000] {logging_mixin.py:188} INFO - [2024-01-10T21:17:57.296+0000] {dagbag.py:538} INFO - Filling up the DagBag from /opt/airflow/dags/data_ingestion_gcs_dag.py
[2024-01-10T21:17:58.616+0000] {processor.py:840} INFO - DAG(s) 'data_ingestion_gcs_dag' retrieved from /opt/airflow/dags/data_ingestion_gcs_dag.py
[2024-01-10T21:18:02.303+0000] {logging_mixin.py:188} INFO - [2024-01-10T21:18:02.300+0000] {override.py:1769} INFO - Created Permission View: can edit on DAG:data_ingestion_gcs_dag
[2024-01-10T21:18:02.370+0000] {logging_mixin.py:188} INFO - [2024-01-10T21:18:02.370+0000] {override.py:1769} INFO - Created Permission View: can read on DAG:data_ingestion_gcs_dag
[2024-01-10T21:18:02.384+0000] {logging_mixin.py:188} INFO - [2024-01-10T21:18:02.384+0000] {override.py:1769} INFO - Created Permission View: can delete on DAG:data_ingestion_gcs_dag
[2024-01-10T21:18:02.392+0000] {logging_mixin.py:188} INFO - [2024-01-10T21:18:02.392+0000] {dag.py:3033} INFO - Sync 1 DAGs
[2024-01-10T21:18:02.442+0000] {logging_mixin.py:188} INFO - [2024-01-10T21:18:02.442+0000] {dag.py:3055} INFO - Creating ORM DAG for data_ingestion_gcs_dag
[2024-01-10T21:18:02.496+0000] {logging_mixin.py:188} INFO - [2024-01-10T21:18:02.496+0000] {dag.py:3820} INFO - Setting next_dagrun for data_ingestion_gcs_dag to 2024-01-09T00:00:00+00:00, run_after=2024-01-10T00:00:00+00:00
[2024-01-10T21:18:02.568+0000] {processor.py:183} INFO - Processing /opt/airflow/dags/data_ingestion_gcs_dag.py took 5.371 seconds
[2024-01-10T21:18:34.530+0000] {processor.py:161} INFO - Started process (PID=214) to work on /opt/airflow/dags/data_ingestion_gcs_dag.py
[2024-01-10T21:18:34.651+0000] {processor.py:830} INFO - Processing file /opt/airflow/dags/data_ingestion_gcs_dag.py for tasks to queue
[2024-01-10T21:18:35.219+0000] {logging_mixin.py:188} INFO - [2024-01-10T21:18:35.200+0000] {dagbag.py:538} INFO - Filling up the DagBag from /opt/airflow/dags/data_ingestion_gcs_dag.py
[2024-01-10T21:18:37.163+0000] {processor.py:840} INFO - DAG(s) 'data_ingestion_gcs_dag' retrieved from /opt/airflow/dags/data_ingestion_gcs_dag.py
[2024-01-10T21:18:37.517+0000] {logging_mixin.py:188} INFO - [2024-01-10T21:18:37.516+0000] {dag.py:3033} INFO - Sync 1 DAGs
[2024-01-10T21:18:37.845+0000] {logging_mixin.py:188} INFO - [2024-01-10T21:18:37.838+0000] {dag.py:3820} INFO - Setting next_dagrun for data_ingestion_gcs_dag to 2024-01-09T00:00:00+00:00, run_after=2024-01-10T00:00:00+00:00
[2024-01-10T21:18:38.195+0000] {processor.py:183} INFO - Processing /opt/airflow/dags/data_ingestion_gcs_dag.py took 3.762 seconds
[2024-01-10T21:19:09.552+0000] {processor.py:161} INFO - Started process (PID=229) to work on /opt/airflow/dags/data_ingestion_gcs_dag.py
[2024-01-10T21:19:09.573+0000] {processor.py:830} INFO - Processing file /opt/airflow/dags/data_ingestion_gcs_dag.py for tasks to queue
[2024-01-10T21:19:09.694+0000] {logging_mixin.py:188} INFO - [2024-01-10T21:19:09.657+0000] {dagbag.py:538} INFO - Filling up the DagBag from /opt/airflow/dags/data_ingestion_gcs_dag.py
[2024-01-10T21:19:10.515+0000] {processor.py:840} INFO - DAG(s) 'data_ingestion_gcs_dag' retrieved from /opt/airflow/dags/data_ingestion_gcs_dag.py
[2024-01-10T21:19:11.579+0000] {logging_mixin.py:188} INFO - [2024-01-10T21:19:11.578+0000] {dag.py:3033} INFO - Sync 1 DAGs
[2024-01-10T21:19:11.806+0000] {logging_mixin.py:188} INFO - [2024-01-10T21:19:11.804+0000] {dag.py:3820} INFO - Setting next_dagrun for data_ingestion_gcs_dag to 2024-01-09T00:00:00+00:00, run_after=2024-01-10T00:00:00+00:00
[2024-01-10T21:19:11.915+0000] {processor.py:183} INFO - Processing /opt/airflow/dags/data_ingestion_gcs_dag.py took 2.511 seconds
[2024-01-10T21:19:48.394+0000] {processor.py:161} INFO - Started process (PID=248) to work on /opt/airflow/dags/data_ingestion_gcs_dag.py
[2024-01-10T21:19:48.555+0000] {processor.py:830} INFO - Processing file /opt/airflow/dags/data_ingestion_gcs_dag.py for tasks to queue
[2024-01-10T21:19:49.500+0000] {logging_mixin.py:188} INFO - [2024-01-10T21:19:49.475+0000] {dagbag.py:538} INFO - Filling up the DagBag from /opt/airflow/dags/data_ingestion_gcs_dag.py
[2024-01-10T21:19:57.587+0000] {processor.py:840} INFO - DAG(s) 'data_ingestion_gcs_dag' retrieved from /opt/airflow/dags/data_ingestion_gcs_dag.py
[2024-01-10T21:19:58.524+0000] {logging_mixin.py:188} INFO - [2024-01-10T21:19:58.496+0000] {dag.py:3033} INFO - Sync 1 DAGs
[2024-01-10T21:20:00.278+0000] {logging_mixin.py:188} INFO - [2024-01-10T21:20:00.268+0000] {dag.py:3820} INFO - Setting next_dagrun for data_ingestion_gcs_dag to 2024-01-09T00:00:00+00:00, run_after=2024-01-10T00:00:00+00:00
[2024-01-10T21:20:01.255+0000] {processor.py:183} INFO - Processing /opt/airflow/dags/data_ingestion_gcs_dag.py took 13.102 seconds
[2024-01-10T21:20:42.359+0000] {processor.py:161} INFO - Started process (PID=268) to work on /opt/airflow/dags/data_ingestion_gcs_dag.py
[2024-01-10T21:20:42.673+0000] {processor.py:830} INFO - Processing file /opt/airflow/dags/data_ingestion_gcs_dag.py for tasks to queue
[2024-01-10T21:20:46.572+0000] {logging_mixin.py:188} INFO - [2024-01-10T21:20:46.464+0000] {dagbag.py:538} INFO - Filling up the DagBag from /opt/airflow/dags/data_ingestion_gcs_dag.py
[2024-01-10T21:21:16.271+0000] {processor.py:840} INFO - DAG(s) 'data_ingestion_gcs_dag' retrieved from /opt/airflow/dags/data_ingestion_gcs_dag.py
[2024-01-10T21:21:29.470+0000] {logging_mixin.py:188} INFO - [2024-01-10T21:21:29.374+0000] {dag.py:3033} INFO - Sync 1 DAGs
[2024-01-10T21:22:23.525+0000] {processor.py:161} INFO - Started process (PID=294) to work on /opt/airflow/dags/data_ingestion_gcs_dag.py
[2024-01-10T21:22:24.354+0000] {processor.py:830} INFO - Processing file /opt/airflow/dags/data_ingestion_gcs_dag.py for tasks to queue
[2024-01-10T21:22:26.271+0000] {logging_mixin.py:188} INFO - [2024-01-10T21:22:25.398+0000] {dagbag.py:538} INFO - Filling up the DagBag from /opt/airflow/dags/data_ingestion_gcs_dag.py
[2024-01-10T22:46:59.789+0000] {processor.py:161} INFO - Started process (PID=356) to work on /opt/airflow/dags/data_ingestion_gcs_dag.py
[2024-01-10T22:46:59.806+0000] {processor.py:830} INFO - Processing file /opt/airflow/dags/data_ingestion_gcs_dag.py for tasks to queue
[2024-01-10T22:46:59.832+0000] {logging_mixin.py:188} INFO - [2024-01-10T22:46:59.828+0000] {dagbag.py:538} INFO - Filling up the DagBag from /opt/airflow/dags/data_ingestion_gcs_dag.py
[2024-01-10T22:47:00.519+0000] {processor.py:840} INFO - DAG(s) 'data_ingestion_gcs_dag' retrieved from /opt/airflow/dags/data_ingestion_gcs_dag.py
[2024-01-10T22:47:01.725+0000] {logging_mixin.py:188} INFO - [2024-01-10T22:47:01.715+0000] {override.py:1769} INFO - Created Permission View: can read on DAG:data_ingestion_gcs_dag
[2024-01-10T22:47:01.747+0000] {logging_mixin.py:188} INFO - [2024-01-10T22:47:01.746+0000] {override.py:1769} INFO - Created Permission View: can edit on DAG:data_ingestion_gcs_dag
[2024-01-10T22:47:01.761+0000] {logging_mixin.py:188} INFO - [2024-01-10T22:47:01.761+0000] {override.py:1769} INFO - Created Permission View: can delete on DAG:data_ingestion_gcs_dag
[2024-01-10T22:47:01.765+0000] {logging_mixin.py:188} INFO - [2024-01-10T22:47:01.765+0000] {dag.py:3033} INFO - Sync 1 DAGs
[2024-01-10T22:47:01.792+0000] {logging_mixin.py:188} INFO - [2024-01-10T22:47:01.792+0000] {dag.py:3055} INFO - Creating ORM DAG for data_ingestion_gcs_dag
[2024-01-10T22:47:01.840+0000] {logging_mixin.py:188} INFO - [2024-01-10T22:47:01.840+0000] {dag.py:3820} INFO - Setting next_dagrun for data_ingestion_gcs_dag to 2024-01-09T00:00:00+00:00, run_after=2024-01-10T00:00:00+00:00
[2024-01-10T22:47:01.939+0000] {processor.py:183} INFO - Processing /opt/airflow/dags/data_ingestion_gcs_dag.py took 2.168 seconds
[2024-01-10T22:47:32.840+0000] {processor.py:161} INFO - Started process (PID=377) to work on /opt/airflow/dags/data_ingestion_gcs_dag.py
[2024-01-10T22:47:32.908+0000] {processor.py:830} INFO - Processing file /opt/airflow/dags/data_ingestion_gcs_dag.py for tasks to queue
[2024-01-10T22:47:32.948+0000] {logging_mixin.py:188} INFO - [2024-01-10T22:47:32.942+0000] {dagbag.py:538} INFO - Filling up the DagBag from /opt/airflow/dags/data_ingestion_gcs_dag.py
[2024-01-10T22:47:33.354+0000] {processor.py:840} INFO - DAG(s) 'data_ingestion_gcs_dag' retrieved from /opt/airflow/dags/data_ingestion_gcs_dag.py
[2024-01-10T22:47:33.683+0000] {logging_mixin.py:188} INFO - [2024-01-10T22:47:33.682+0000] {dag.py:3033} INFO - Sync 1 DAGs
[2024-01-10T22:47:33.748+0000] {logging_mixin.py:188} INFO - [2024-01-10T22:47:33.748+0000] {dag.py:3820} INFO - Setting next_dagrun for data_ingestion_gcs_dag to 2024-01-09T00:00:00+00:00, run_after=2024-01-10T00:00:00+00:00
[2024-01-10T22:47:33.796+0000] {processor.py:183} INFO - Processing /opt/airflow/dags/data_ingestion_gcs_dag.py took 1.005 seconds
[2024-01-10T22:48:04.887+0000] {processor.py:161} INFO - Started process (PID=397) to work on /opt/airflow/dags/data_ingestion_gcs_dag.py
[2024-01-10T22:48:04.910+0000] {processor.py:830} INFO - Processing file /opt/airflow/dags/data_ingestion_gcs_dag.py for tasks to queue
[2024-01-10T22:48:05.043+0000] {logging_mixin.py:188} INFO - [2024-01-10T22:48:05.022+0000] {dagbag.py:538} INFO - Filling up the DagBag from /opt/airflow/dags/data_ingestion_gcs_dag.py
[2024-01-10T22:48:06.337+0000] {processor.py:840} INFO - DAG(s) 'data_ingestion_gcs_dag' retrieved from /opt/airflow/dags/data_ingestion_gcs_dag.py
[2024-01-10T22:48:06.691+0000] {logging_mixin.py:188} INFO - [2024-01-10T22:48:06.690+0000] {dag.py:3033} INFO - Sync 1 DAGs
[2024-01-10T22:48:06.908+0000] {logging_mixin.py:188} INFO - [2024-01-10T22:48:06.908+0000] {dag.py:3820} INFO - Setting next_dagrun for data_ingestion_gcs_dag to 2024-01-09T00:00:00+00:00, run_after=2024-01-10T00:00:00+00:00
[2024-01-10T22:48:07.090+0000] {processor.py:183} INFO - Processing /opt/airflow/dags/data_ingestion_gcs_dag.py took 2.322 seconds
[2024-01-10T22:48:38.092+0000] {processor.py:161} INFO - Started process (PID=425) to work on /opt/airflow/dags/data_ingestion_gcs_dag.py
[2024-01-10T22:48:38.110+0000] {processor.py:830} INFO - Processing file /opt/airflow/dags/data_ingestion_gcs_dag.py for tasks to queue
[2024-01-10T22:48:38.221+0000] {logging_mixin.py:188} INFO - [2024-01-10T22:48:38.220+0000] {dagbag.py:538} INFO - Filling up the DagBag from /opt/airflow/dags/data_ingestion_gcs_dag.py
[2024-01-10T22:48:38.830+0000] {processor.py:840} INFO - DAG(s) 'data_ingestion_gcs_dag' retrieved from /opt/airflow/dags/data_ingestion_gcs_dag.py
[2024-01-10T22:48:39.081+0000] {logging_mixin.py:188} INFO - [2024-01-10T22:48:39.081+0000] {dag.py:3033} INFO - Sync 1 DAGs
[2024-01-10T22:48:39.235+0000] {processor.py:183} INFO - Processing /opt/airflow/dags/data_ingestion_gcs_dag.py took 1.228 seconds
[2024-01-10T22:49:10.002+0000] {processor.py:161} INFO - Started process (PID=448) to work on /opt/airflow/dags/data_ingestion_gcs_dag.py
[2024-01-10T22:49:10.035+0000] {processor.py:830} INFO - Processing file /opt/airflow/dags/data_ingestion_gcs_dag.py for tasks to queue
[2024-01-10T22:49:10.090+0000] {logging_mixin.py:188} INFO - [2024-01-10T22:49:10.085+0000] {dagbag.py:538} INFO - Filling up the DagBag from /opt/airflow/dags/data_ingestion_gcs_dag.py
[2024-01-10T22:49:10.494+0000] {processor.py:840} INFO - DAG(s) 'data_ingestion_gcs_dag' retrieved from /opt/airflow/dags/data_ingestion_gcs_dag.py
[2024-01-10T22:49:10.781+0000] {logging_mixin.py:188} INFO - [2024-01-10T22:49:10.781+0000] {dag.py:3033} INFO - Sync 1 DAGs
[2024-01-10T22:49:11.046+0000] {processor.py:183} INFO - Processing /opt/airflow/dags/data_ingestion_gcs_dag.py took 1.110 seconds
[2024-01-10T22:49:41.779+0000] {processor.py:161} INFO - Started process (PID=469) to work on /opt/airflow/dags/data_ingestion_gcs_dag.py
[2024-01-10T22:49:41.791+0000] {processor.py:830} INFO - Processing file /opt/airflow/dags/data_ingestion_gcs_dag.py for tasks to queue
[2024-01-10T22:49:41.862+0000] {logging_mixin.py:188} INFO - [2024-01-10T22:49:41.854+0000] {dagbag.py:538} INFO - Filling up the DagBag from /opt/airflow/dags/data_ingestion_gcs_dag.py
[2024-01-10T22:49:42.400+0000] {processor.py:840} INFO - DAG(s) 'data_ingestion_gcs_dag' retrieved from /opt/airflow/dags/data_ingestion_gcs_dag.py
[2024-01-10T22:49:42.627+0000] {logging_mixin.py:188} INFO - [2024-01-10T22:49:42.627+0000] {dag.py:3033} INFO - Sync 1 DAGs
[2024-01-10T22:49:42.764+0000] {processor.py:183} INFO - Processing /opt/airflow/dags/data_ingestion_gcs_dag.py took 1.072 seconds
[2024-01-10T22:50:14.668+0000] {processor.py:161} INFO - Started process (PID=489) to work on /opt/airflow/dags/data_ingestion_gcs_dag.py
[2024-01-10T22:50:14.697+0000] {processor.py:830} INFO - Processing file /opt/airflow/dags/data_ingestion_gcs_dag.py for tasks to queue
[2024-01-10T22:50:14.808+0000] {logging_mixin.py:188} INFO - [2024-01-10T22:50:14.786+0000] {dagbag.py:538} INFO - Filling up the DagBag from /opt/airflow/dags/data_ingestion_gcs_dag.py
[2024-01-10T22:50:16.510+0000] {processor.py:840} INFO - DAG(s) 'data_ingestion_gcs_dag' retrieved from /opt/airflow/dags/data_ingestion_gcs_dag.py
[2024-01-10T22:50:16.991+0000] {logging_mixin.py:188} INFO - [2024-01-10T22:50:16.990+0000] {dag.py:3033} INFO - Sync 1 DAGs
[2024-01-10T22:50:17.499+0000] {processor.py:183} INFO - Processing /opt/airflow/dags/data_ingestion_gcs_dag.py took 2.978 seconds
[2024-01-10T22:50:50.334+0000] {processor.py:161} INFO - Started process (PID=510) to work on /opt/airflow/dags/data_ingestion_gcs_dag.py
[2024-01-10T22:50:50.637+0000] {processor.py:830} INFO - Processing file /opt/airflow/dags/data_ingestion_gcs_dag.py for tasks to queue
[2024-01-10T22:50:51.312+0000] {logging_mixin.py:188} INFO - [2024-01-10T22:50:51.254+0000] {dagbag.py:538} INFO - Filling up the DagBag from /opt/airflow/dags/data_ingestion_gcs_dag.py
[2024-01-10T22:50:52.792+0000] {processor.py:840} INFO - DAG(s) 'data_ingestion_gcs_dag' retrieved from /opt/airflow/dags/data_ingestion_gcs_dag.py
[2024-01-10T22:50:52.917+0000] {logging_mixin.py:188} INFO - [2024-01-10T22:50:52.917+0000] {dag.py:3033} INFO - Sync 1 DAGs
[2024-01-10T22:50:53.037+0000] {processor.py:183} INFO - Processing /opt/airflow/dags/data_ingestion_gcs_dag.py took 2.952 seconds
[2024-01-10T22:51:24.674+0000] {processor.py:161} INFO - Started process (PID=530) to work on /opt/airflow/dags/data_ingestion_gcs_dag.py
[2024-01-10T22:51:24.683+0000] {processor.py:830} INFO - Processing file /opt/airflow/dags/data_ingestion_gcs_dag.py for tasks to queue
[2024-01-10T22:51:24.742+0000] {logging_mixin.py:188} INFO - [2024-01-10T22:51:24.735+0000] {dagbag.py:538} INFO - Filling up the DagBag from /opt/airflow/dags/data_ingestion_gcs_dag.py
[2024-01-10T22:51:25.212+0000] {processor.py:840} INFO - DAG(s) 'data_ingestion_gcs_dag' retrieved from /opt/airflow/dags/data_ingestion_gcs_dag.py
[2024-01-10T22:51:25.466+0000] {logging_mixin.py:188} INFO - [2024-01-10T22:51:25.464+0000] {dag.py:3033} INFO - Sync 1 DAGs
[2024-01-10T22:51:25.683+0000] {processor.py:183} INFO - Processing /opt/airflow/dags/data_ingestion_gcs_dag.py took 1.161 seconds
[2024-01-10T22:51:56.988+0000] {processor.py:161} INFO - Started process (PID=544) to work on /opt/airflow/dags/data_ingestion_gcs_dag.py
[2024-01-10T22:51:57.008+0000] {processor.py:830} INFO - Processing file /opt/airflow/dags/data_ingestion_gcs_dag.py for tasks to queue
[2024-01-10T22:51:57.095+0000] {logging_mixin.py:188} INFO - [2024-01-10T22:51:57.081+0000] {dagbag.py:538} INFO - Filling up the DagBag from /opt/airflow/dags/data_ingestion_gcs_dag.py
[2024-01-10T22:51:59.682+0000] {processor.py:840} INFO - DAG(s) 'data_ingestion_gcs_dag' retrieved from /opt/airflow/dags/data_ingestion_gcs_dag.py
[2024-01-10T22:52:00.340+0000] {logging_mixin.py:188} INFO - [2024-01-10T22:52:00.328+0000] {dag.py:3033} INFO - Sync 1 DAGs
[2024-01-10T22:52:00.775+0000] {processor.py:183} INFO - Processing /opt/airflow/dags/data_ingestion_gcs_dag.py took 3.984 seconds
[2024-01-10T22:52:31.695+0000] {processor.py:161} INFO - Started process (PID=565) to work on /opt/airflow/dags/data_ingestion_gcs_dag.py
[2024-01-10T22:52:31.707+0000] {processor.py:830} INFO - Processing file /opt/airflow/dags/data_ingestion_gcs_dag.py for tasks to queue
[2024-01-10T22:52:31.745+0000] {logging_mixin.py:188} INFO - [2024-01-10T22:52:31.738+0000] {dagbag.py:538} INFO - Filling up the DagBag from /opt/airflow/dags/data_ingestion_gcs_dag.py
[2024-01-10T22:52:32.072+0000] {processor.py:840} INFO - DAG(s) 'data_ingestion_gcs_dag' retrieved from /opt/airflow/dags/data_ingestion_gcs_dag.py
[2024-01-10T22:52:32.183+0000] {logging_mixin.py:188} INFO - [2024-01-10T22:52:32.183+0000] {dag.py:3033} INFO - Sync 1 DAGs
[2024-01-10T22:52:32.278+0000] {processor.py:183} INFO - Processing /opt/airflow/dags/data_ingestion_gcs_dag.py took 0.626 seconds
[2024-01-10T22:53:03.278+0000] {processor.py:161} INFO - Started process (PID=594) to work on /opt/airflow/dags/data_ingestion_gcs_dag.py
[2024-01-10T22:53:03.284+0000] {processor.py:830} INFO - Processing file /opt/airflow/dags/data_ingestion_gcs_dag.py for tasks to queue
[2024-01-10T22:53:03.317+0000] {logging_mixin.py:188} INFO - [2024-01-10T22:53:03.313+0000] {dagbag.py:538} INFO - Filling up the DagBag from /opt/airflow/dags/data_ingestion_gcs_dag.py
[2024-01-10T22:53:03.571+0000] {processor.py:840} INFO - DAG(s) 'data_ingestion_gcs_dag' retrieved from /opt/airflow/dags/data_ingestion_gcs_dag.py
[2024-01-10T22:53:03.684+0000] {logging_mixin.py:188} INFO - [2024-01-10T22:53:03.684+0000] {dag.py:3033} INFO - Sync 1 DAGs
[2024-01-10T22:53:03.786+0000] {processor.py:183} INFO - Processing /opt/airflow/dags/data_ingestion_gcs_dag.py took 0.536 seconds
[2024-01-10T22:53:35.671+0000] {processor.py:161} INFO - Started process (PID=615) to work on /opt/airflow/dags/data_ingestion_gcs_dag.py
[2024-01-10T22:53:35.704+0000] {processor.py:830} INFO - Processing file /opt/airflow/dags/data_ingestion_gcs_dag.py for tasks to queue
[2024-01-10T22:53:35.767+0000] {logging_mixin.py:188} INFO - [2024-01-10T22:53:35.758+0000] {dagbag.py:538} INFO - Filling up the DagBag from /opt/airflow/dags/data_ingestion_gcs_dag.py
[2024-01-10T22:53:36.521+0000] {processor.py:840} INFO - DAG(s) 'data_ingestion_gcs_dag' retrieved from /opt/airflow/dags/data_ingestion_gcs_dag.py
[2024-01-10T22:53:36.680+0000] {logging_mixin.py:188} INFO - [2024-01-10T22:53:36.680+0000] {dag.py:3033} INFO - Sync 1 DAGs
[2024-01-10T22:53:37.000+0000] {processor.py:183} INFO - Processing /opt/airflow/dags/data_ingestion_gcs_dag.py took 1.381 seconds
[2024-01-10T22:54:07.377+0000] {processor.py:161} INFO - Started process (PID=644) to work on /opt/airflow/dags/data_ingestion_gcs_dag.py
[2024-01-10T22:54:07.379+0000] {processor.py:830} INFO - Processing file /opt/airflow/dags/data_ingestion_gcs_dag.py for tasks to queue
[2024-01-10T22:54:07.383+0000] {logging_mixin.py:188} INFO - [2024-01-10T22:54:07.383+0000] {dagbag.py:538} INFO - Filling up the DagBag from /opt/airflow/dags/data_ingestion_gcs_dag.py
[2024-01-10T22:54:07.418+0000] {processor.py:840} INFO - DAG(s) 'data_ingestion_gcs_dag' retrieved from /opt/airflow/dags/data_ingestion_gcs_dag.py
[2024-01-10T22:54:07.443+0000] {logging_mixin.py:188} INFO - [2024-01-10T22:54:07.443+0000] {dag.py:3033} INFO - Sync 1 DAGs
[2024-01-10T22:54:07.468+0000] {processor.py:183} INFO - Processing /opt/airflow/dags/data_ingestion_gcs_dag.py took 0.097 seconds
[2024-01-10T22:54:37.749+0000] {processor.py:161} INFO - Started process (PID=665) to work on /opt/airflow/dags/data_ingestion_gcs_dag.py
[2024-01-10T22:54:37.752+0000] {processor.py:830} INFO - Processing file /opt/airflow/dags/data_ingestion_gcs_dag.py for tasks to queue
[2024-01-10T22:54:37.758+0000] {logging_mixin.py:188} INFO - [2024-01-10T22:54:37.757+0000] {dagbag.py:538} INFO - Filling up the DagBag from /opt/airflow/dags/data_ingestion_gcs_dag.py
[2024-01-10T22:54:37.820+0000] {processor.py:840} INFO - DAG(s) 'data_ingestion_gcs_dag' retrieved from /opt/airflow/dags/data_ingestion_gcs_dag.py
[2024-01-10T22:54:37.855+0000] {logging_mixin.py:188} INFO - [2024-01-10T22:54:37.855+0000] {dag.py:3033} INFO - Sync 1 DAGs
[2024-01-10T22:54:37.897+0000] {processor.py:183} INFO - Processing /opt/airflow/dags/data_ingestion_gcs_dag.py took 0.155 seconds
[2024-01-10T22:55:08.065+0000] {processor.py:161} INFO - Started process (PID=693) to work on /opt/airflow/dags/data_ingestion_gcs_dag.py
[2024-01-10T22:55:08.069+0000] {processor.py:830} INFO - Processing file /opt/airflow/dags/data_ingestion_gcs_dag.py for tasks to queue
[2024-01-10T22:55:08.075+0000] {logging_mixin.py:188} INFO - [2024-01-10T22:55:08.074+0000] {dagbag.py:538} INFO - Filling up the DagBag from /opt/airflow/dags/data_ingestion_gcs_dag.py
[2024-01-10T22:55:08.138+0000] {processor.py:840} INFO - DAG(s) 'data_ingestion_gcs_dag' retrieved from /opt/airflow/dags/data_ingestion_gcs_dag.py
[2024-01-10T22:55:08.169+0000] {logging_mixin.py:188} INFO - [2024-01-10T22:55:08.169+0000] {dag.py:3033} INFO - Sync 1 DAGs
[2024-01-10T22:55:08.202+0000] {processor.py:183} INFO - Processing /opt/airflow/dags/data_ingestion_gcs_dag.py took 0.144 seconds
[2024-01-10T22:55:12.278+0000] {processor.py:161} INFO - Started process (PID=698) to work on /opt/airflow/dags/data_ingestion_gcs_dag.py
[2024-01-10T22:55:12.279+0000] {processor.py:830} INFO - Processing file /opt/airflow/dags/data_ingestion_gcs_dag.py for tasks to queue
[2024-01-10T22:55:12.282+0000] {logging_mixin.py:188} INFO - [2024-01-10T22:55:12.282+0000] {dagbag.py:538} INFO - Filling up the DagBag from /opt/airflow/dags/data_ingestion_gcs_dag.py
[2024-01-10T22:55:12.316+0000] {processor.py:840} INFO - DAG(s) 'data_ingestion_gcs_dag' retrieved from /opt/airflow/dags/data_ingestion_gcs_dag.py
[2024-01-10T22:55:12.340+0000] {logging_mixin.py:188} INFO - [2024-01-10T22:55:12.340+0000] {dag.py:3033} INFO - Sync 1 DAGs
[2024-01-10T22:55:12.400+0000] {processor.py:183} INFO - Processing /opt/airflow/dags/data_ingestion_gcs_dag.py took 0.126 seconds
[2024-01-10T22:55:15.540+0000] {processor.py:161} INFO - Started process (PID=711) to work on /opt/airflow/dags/data_ingestion_gcs_dag.py
[2024-01-10T22:55:15.543+0000] {processor.py:830} INFO - Processing file /opt/airflow/dags/data_ingestion_gcs_dag.py for tasks to queue
[2024-01-10T22:55:15.550+0000] {logging_mixin.py:188} INFO - [2024-01-10T22:55:15.549+0000] {dagbag.py:538} INFO - Filling up the DagBag from /opt/airflow/dags/data_ingestion_gcs_dag.py
[2024-01-10T22:55:15.610+0000] {processor.py:840} INFO - DAG(s) 'data_ingestion_gcs_dag' retrieved from /opt/airflow/dags/data_ingestion_gcs_dag.py
[2024-01-10T22:55:15.637+0000] {logging_mixin.py:188} INFO - [2024-01-10T22:55:15.637+0000] {dag.py:3033} INFO - Sync 1 DAGs
[2024-01-10T22:55:15.672+0000] {processor.py:183} INFO - Processing /opt/airflow/dags/data_ingestion_gcs_dag.py took 0.140 seconds
[2024-01-10T22:55:45.986+0000] {processor.py:161} INFO - Started process (PID=733) to work on /opt/airflow/dags/data_ingestion_gcs_dag.py
[2024-01-10T22:55:45.989+0000] {processor.py:830} INFO - Processing file /opt/airflow/dags/data_ingestion_gcs_dag.py for tasks to queue
[2024-01-10T22:55:45.994+0000] {logging_mixin.py:188} INFO - [2024-01-10T22:55:45.994+0000] {dagbag.py:538} INFO - Filling up the DagBag from /opt/airflow/dags/data_ingestion_gcs_dag.py
[2024-01-10T22:55:46.059+0000] {processor.py:840} INFO - DAG(s) 'data_ingestion_gcs_dag' retrieved from /opt/airflow/dags/data_ingestion_gcs_dag.py
[2024-01-10T22:55:46.093+0000] {logging_mixin.py:188} INFO - [2024-01-10T22:55:46.093+0000] {dag.py:3033} INFO - Sync 1 DAGs
[2024-01-10T22:55:46.124+0000] {processor.py:183} INFO - Processing /opt/airflow/dags/data_ingestion_gcs_dag.py took 0.148 seconds
[2024-01-10T22:56:16.408+0000] {processor.py:161} INFO - Started process (PID=762) to work on /opt/airflow/dags/data_ingestion_gcs_dag.py
[2024-01-10T22:56:16.411+0000] {processor.py:830} INFO - Processing file /opt/airflow/dags/data_ingestion_gcs_dag.py for tasks to queue
[2024-01-10T22:56:16.416+0000] {logging_mixin.py:188} INFO - [2024-01-10T22:56:16.416+0000] {dagbag.py:538} INFO - Filling up the DagBag from /opt/airflow/dags/data_ingestion_gcs_dag.py
[2024-01-10T22:56:16.467+0000] {processor.py:840} INFO - DAG(s) 'data_ingestion_gcs_dag' retrieved from /opt/airflow/dags/data_ingestion_gcs_dag.py
[2024-01-10T22:56:16.494+0000] {logging_mixin.py:188} INFO - [2024-01-10T22:56:16.493+0000] {dag.py:3033} INFO - Sync 1 DAGs
[2024-01-10T22:56:16.530+0000] {processor.py:183} INFO - Processing /opt/airflow/dags/data_ingestion_gcs_dag.py took 0.128 seconds
[2024-01-10T22:56:46.847+0000] {processor.py:161} INFO - Started process (PID=791) to work on /opt/airflow/dags/data_ingestion_gcs_dag.py
[2024-01-10T22:56:46.849+0000] {processor.py:830} INFO - Processing file /opt/airflow/dags/data_ingestion_gcs_dag.py for tasks to queue
[2024-01-10T22:56:46.854+0000] {logging_mixin.py:188} INFO - [2024-01-10T22:56:46.853+0000] {dagbag.py:538} INFO - Filling up the DagBag from /opt/airflow/dags/data_ingestion_gcs_dag.py
[2024-01-10T22:56:46.902+0000] {processor.py:840} INFO - DAG(s) 'data_ingestion_gcs_dag' retrieved from /opt/airflow/dags/data_ingestion_gcs_dag.py
[2024-01-10T22:56:46.936+0000] {logging_mixin.py:188} INFO - [2024-01-10T22:56:46.935+0000] {dag.py:3033} INFO - Sync 1 DAGs
[2024-01-10T22:56:46.963+0000] {processor.py:183} INFO - Processing /opt/airflow/dags/data_ingestion_gcs_dag.py took 0.123 seconds
[2024-01-10T22:57:17.216+0000] {processor.py:161} INFO - Started process (PID=812) to work on /opt/airflow/dags/data_ingestion_gcs_dag.py
[2024-01-10T22:57:17.219+0000] {processor.py:830} INFO - Processing file /opt/airflow/dags/data_ingestion_gcs_dag.py for tasks to queue
[2024-01-10T22:57:17.224+0000] {logging_mixin.py:188} INFO - [2024-01-10T22:57:17.224+0000] {dagbag.py:538} INFO - Filling up the DagBag from /opt/airflow/dags/data_ingestion_gcs_dag.py
[2024-01-10T22:57:17.261+0000] {processor.py:840} INFO - DAG(s) 'data_ingestion_gcs_dag' retrieved from /opt/airflow/dags/data_ingestion_gcs_dag.py
[2024-01-10T22:57:17.283+0000] {logging_mixin.py:188} INFO - [2024-01-10T22:57:17.282+0000] {dag.py:3033} INFO - Sync 1 DAGs
[2024-01-10T22:57:17.309+0000] {processor.py:183} INFO - Processing /opt/airflow/dags/data_ingestion_gcs_dag.py took 0.099 seconds
[2024-01-10T22:57:47.606+0000] {processor.py:161} INFO - Started process (PID=840) to work on /opt/airflow/dags/data_ingestion_gcs_dag.py
[2024-01-10T22:57:47.610+0000] {processor.py:830} INFO - Processing file /opt/airflow/dags/data_ingestion_gcs_dag.py for tasks to queue
[2024-01-10T22:57:47.619+0000] {logging_mixin.py:188} INFO - [2024-01-10T22:57:47.616+0000] {dagbag.py:538} INFO - Filling up the DagBag from /opt/airflow/dags/data_ingestion_gcs_dag.py
[2024-01-10T22:57:47.697+0000] {processor.py:840} INFO - DAG(s) 'data_ingestion_gcs_dag' retrieved from /opt/airflow/dags/data_ingestion_gcs_dag.py
[2024-01-10T22:57:47.821+0000] {logging_mixin.py:188} INFO - [2024-01-10T22:57:47.819+0000] {dag.py:3033} INFO - Sync 1 DAGs
[2024-01-10T22:57:47.881+0000] {processor.py:183} INFO - Processing /opt/airflow/dags/data_ingestion_gcs_dag.py took 0.287 seconds
[2024-01-10T22:58:18.251+0000] {processor.py:161} INFO - Started process (PID=869) to work on /opt/airflow/dags/data_ingestion_gcs_dag.py
[2024-01-10T22:58:18.254+0000] {processor.py:830} INFO - Processing file /opt/airflow/dags/data_ingestion_gcs_dag.py for tasks to queue
[2024-01-10T22:58:18.260+0000] {logging_mixin.py:188} INFO - [2024-01-10T22:58:18.259+0000] {dagbag.py:538} INFO - Filling up the DagBag from /opt/airflow/dags/data_ingestion_gcs_dag.py
[2024-01-10T22:58:18.312+0000] {processor.py:840} INFO - DAG(s) 'data_ingestion_gcs_dag' retrieved from /opt/airflow/dags/data_ingestion_gcs_dag.py
[2024-01-10T22:58:18.365+0000] {logging_mixin.py:188} INFO - [2024-01-10T22:58:18.365+0000] {dag.py:3033} INFO - Sync 1 DAGs
[2024-01-10T22:58:18.403+0000] {processor.py:183} INFO - Processing /opt/airflow/dags/data_ingestion_gcs_dag.py took 0.159 seconds
[2024-01-10T22:58:48.634+0000] {processor.py:161} INFO - Started process (PID=890) to work on /opt/airflow/dags/data_ingestion_gcs_dag.py
[2024-01-10T22:58:48.637+0000] {processor.py:830} INFO - Processing file /opt/airflow/dags/data_ingestion_gcs_dag.py for tasks to queue
[2024-01-10T22:58:48.643+0000] {logging_mixin.py:188} INFO - [2024-01-10T22:58:48.642+0000] {dagbag.py:538} INFO - Filling up the DagBag from /opt/airflow/dags/data_ingestion_gcs_dag.py
[2024-01-10T22:58:48.707+0000] {processor.py:840} INFO - DAG(s) 'data_ingestion_gcs_dag' retrieved from /opt/airflow/dags/data_ingestion_gcs_dag.py
[2024-01-10T22:58:48.738+0000] {logging_mixin.py:188} INFO - [2024-01-10T22:58:48.738+0000] {dag.py:3033} INFO - Sync 1 DAGs
[2024-01-10T22:58:48.765+0000] {processor.py:183} INFO - Processing /opt/airflow/dags/data_ingestion_gcs_dag.py took 0.138 seconds
[2024-01-10T22:59:19.002+0000] {processor.py:161} INFO - Started process (PID=919) to work on /opt/airflow/dags/data_ingestion_gcs_dag.py
[2024-01-10T22:59:19.005+0000] {processor.py:830} INFO - Processing file /opt/airflow/dags/data_ingestion_gcs_dag.py for tasks to queue
[2024-01-10T22:59:19.021+0000] {logging_mixin.py:188} INFO - [2024-01-10T22:59:19.020+0000] {dagbag.py:538} INFO - Filling up the DagBag from /opt/airflow/dags/data_ingestion_gcs_dag.py
[2024-01-10T22:59:19.089+0000] {processor.py:840} INFO - DAG(s) 'data_ingestion_gcs_dag' retrieved from /opt/airflow/dags/data_ingestion_gcs_dag.py
[2024-01-10T22:59:19.119+0000] {logging_mixin.py:188} INFO - [2024-01-10T22:59:19.119+0000] {dag.py:3033} INFO - Sync 1 DAGs
[2024-01-10T22:59:19.149+0000] {processor.py:183} INFO - Processing /opt/airflow/dags/data_ingestion_gcs_dag.py took 0.153 seconds
[2024-01-10T22:59:49.367+0000] {processor.py:161} INFO - Started process (PID=948) to work on /opt/airflow/dags/data_ingestion_gcs_dag.py
[2024-01-10T22:59:49.370+0000] {processor.py:830} INFO - Processing file /opt/airflow/dags/data_ingestion_gcs_dag.py for tasks to queue
[2024-01-10T22:59:49.377+0000] {logging_mixin.py:188} INFO - [2024-01-10T22:59:49.376+0000] {dagbag.py:538} INFO - Filling up the DagBag from /opt/airflow/dags/data_ingestion_gcs_dag.py
[2024-01-10T22:59:49.425+0000] {processor.py:840} INFO - DAG(s) 'data_ingestion_gcs_dag' retrieved from /opt/airflow/dags/data_ingestion_gcs_dag.py
[2024-01-10T22:59:49.460+0000] {logging_mixin.py:188} INFO - [2024-01-10T22:59:49.460+0000] {dag.py:3033} INFO - Sync 1 DAGs
[2024-01-10T22:59:49.522+0000] {processor.py:183} INFO - Processing /opt/airflow/dags/data_ingestion_gcs_dag.py took 0.160 seconds
[2024-01-10T23:00:19.779+0000] {processor.py:161} INFO - Started process (PID=970) to work on /opt/airflow/dags/data_ingestion_gcs_dag.py
[2024-01-10T23:00:19.781+0000] {processor.py:830} INFO - Processing file /opt/airflow/dags/data_ingestion_gcs_dag.py for tasks to queue
[2024-01-10T23:00:19.786+0000] {logging_mixin.py:188} INFO - [2024-01-10T23:00:19.786+0000] {dagbag.py:538} INFO - Filling up the DagBag from /opt/airflow/dags/data_ingestion_gcs_dag.py
[2024-01-10T23:00:19.838+0000] {processor.py:840} INFO - DAG(s) 'data_ingestion_gcs_dag' retrieved from /opt/airflow/dags/data_ingestion_gcs_dag.py
[2024-01-10T23:00:19.871+0000] {logging_mixin.py:188} INFO - [2024-01-10T23:00:19.871+0000] {dag.py:3033} INFO - Sync 1 DAGs
[2024-01-10T23:00:19.899+0000] {processor.py:183} INFO - Processing /opt/airflow/dags/data_ingestion_gcs_dag.py took 0.127 seconds
[2024-01-10T23:00:50.155+0000] {processor.py:161} INFO - Started process (PID=999) to work on /opt/airflow/dags/data_ingestion_gcs_dag.py
[2024-01-10T23:00:50.158+0000] {processor.py:830} INFO - Processing file /opt/airflow/dags/data_ingestion_gcs_dag.py for tasks to queue
[2024-01-10T23:00:50.162+0000] {logging_mixin.py:188} INFO - [2024-01-10T23:00:50.162+0000] {dagbag.py:538} INFO - Filling up the DagBag from /opt/airflow/dags/data_ingestion_gcs_dag.py
[2024-01-10T23:00:50.207+0000] {processor.py:840} INFO - DAG(s) 'data_ingestion_gcs_dag' retrieved from /opt/airflow/dags/data_ingestion_gcs_dag.py
[2024-01-10T23:00:50.233+0000] {logging_mixin.py:188} INFO - [2024-01-10T23:00:50.233+0000] {dag.py:3033} INFO - Sync 1 DAGs
[2024-01-10T23:00:50.264+0000] {processor.py:183} INFO - Processing /opt/airflow/dags/data_ingestion_gcs_dag.py took 0.116 seconds
[2024-01-10T23:01:20.557+0000] {processor.py:161} INFO - Started process (PID=1027) to work on /opt/airflow/dags/data_ingestion_gcs_dag.py
[2024-01-10T23:01:20.562+0000] {processor.py:830} INFO - Processing file /opt/airflow/dags/data_ingestion_gcs_dag.py for tasks to queue
[2024-01-10T23:01:20.568+0000] {logging_mixin.py:188} INFO - [2024-01-10T23:01:20.567+0000] {dagbag.py:538} INFO - Filling up the DagBag from /opt/airflow/dags/data_ingestion_gcs_dag.py
[2024-01-10T23:01:20.623+0000] {processor.py:840} INFO - DAG(s) 'data_ingestion_gcs_dag' retrieved from /opt/airflow/dags/data_ingestion_gcs_dag.py
[2024-01-10T23:01:20.655+0000] {logging_mixin.py:188} INFO - [2024-01-10T23:01:20.655+0000] {dag.py:3033} INFO - Sync 1 DAGs
[2024-01-10T23:01:20.690+0000] {processor.py:183} INFO - Processing /opt/airflow/dags/data_ingestion_gcs_dag.py took 0.151 seconds
[2024-01-10T23:01:51.059+0000] {processor.py:161} INFO - Started process (PID=1048) to work on /opt/airflow/dags/data_ingestion_gcs_dag.py
[2024-01-10T23:01:51.061+0000] {processor.py:830} INFO - Processing file /opt/airflow/dags/data_ingestion_gcs_dag.py for tasks to queue
[2024-01-10T23:01:51.070+0000] {logging_mixin.py:188} INFO - [2024-01-10T23:01:51.069+0000] {dagbag.py:538} INFO - Filling up the DagBag from /opt/airflow/dags/data_ingestion_gcs_dag.py
[2024-01-10T23:01:51.116+0000] {processor.py:840} INFO - DAG(s) 'data_ingestion_gcs_dag' retrieved from /opt/airflow/dags/data_ingestion_gcs_dag.py
[2024-01-10T23:01:51.145+0000] {logging_mixin.py:188} INFO - [2024-01-10T23:01:51.144+0000] {dag.py:3033} INFO - Sync 1 DAGs
[2024-01-10T23:01:51.173+0000] {processor.py:183} INFO - Processing /opt/airflow/dags/data_ingestion_gcs_dag.py took 0.120 seconds
[2024-01-10T23:02:21.488+0000] {processor.py:161} INFO - Started process (PID=1077) to work on /opt/airflow/dags/data_ingestion_gcs_dag.py
[2024-01-10T23:02:21.491+0000] {processor.py:830} INFO - Processing file /opt/airflow/dags/data_ingestion_gcs_dag.py for tasks to queue
[2024-01-10T23:02:21.496+0000] {logging_mixin.py:188} INFO - [2024-01-10T23:02:21.495+0000] {dagbag.py:538} INFO - Filling up the DagBag from /opt/airflow/dags/data_ingestion_gcs_dag.py
[2024-01-10T23:02:21.561+0000] {processor.py:840} INFO - DAG(s) 'data_ingestion_gcs_dag' retrieved from /opt/airflow/dags/data_ingestion_gcs_dag.py
[2024-01-10T23:02:21.593+0000] {logging_mixin.py:188} INFO - [2024-01-10T23:02:21.593+0000] {dag.py:3033} INFO - Sync 1 DAGs
[2024-01-10T23:02:21.631+0000] {processor.py:183} INFO - Processing /opt/airflow/dags/data_ingestion_gcs_dag.py took 0.149 seconds
[2024-01-10T23:02:51.883+0000] {processor.py:161} INFO - Started process (PID=1106) to work on /opt/airflow/dags/data_ingestion_gcs_dag.py
[2024-01-10T23:02:51.886+0000] {processor.py:830} INFO - Processing file /opt/airflow/dags/data_ingestion_gcs_dag.py for tasks to queue
[2024-01-10T23:02:51.891+0000] {logging_mixin.py:188} INFO - [2024-01-10T23:02:51.891+0000] {dagbag.py:538} INFO - Filling up the DagBag from /opt/airflow/dags/data_ingestion_gcs_dag.py
[2024-01-10T23:02:51.934+0000] {processor.py:840} INFO - DAG(s) 'data_ingestion_gcs_dag' retrieved from /opt/airflow/dags/data_ingestion_gcs_dag.py
[2024-01-10T23:02:51.958+0000] {logging_mixin.py:188} INFO - [2024-01-10T23:02:51.958+0000] {dag.py:3033} INFO - Sync 1 DAGs
[2024-01-10T23:02:51.986+0000] {processor.py:183} INFO - Processing /opt/airflow/dags/data_ingestion_gcs_dag.py took 0.113 seconds
[2024-01-10T23:03:22.349+0000] {processor.py:161} INFO - Started process (PID=1127) to work on /opt/airflow/dags/data_ingestion_gcs_dag.py
[2024-01-10T23:03:22.351+0000] {processor.py:830} INFO - Processing file /opt/airflow/dags/data_ingestion_gcs_dag.py for tasks to queue
[2024-01-10T23:03:22.364+0000] {logging_mixin.py:188} INFO - [2024-01-10T23:03:22.363+0000] {dagbag.py:538} INFO - Filling up the DagBag from /opt/airflow/dags/data_ingestion_gcs_dag.py
[2024-01-10T23:03:22.411+0000] {processor.py:840} INFO - DAG(s) 'data_ingestion_gcs_dag' retrieved from /opt/airflow/dags/data_ingestion_gcs_dag.py
[2024-01-10T23:03:22.445+0000] {logging_mixin.py:188} INFO - [2024-01-10T23:03:22.445+0000] {dag.py:3033} INFO - Sync 1 DAGs
[2024-01-10T23:03:22.477+0000] {processor.py:183} INFO - Processing /opt/airflow/dags/data_ingestion_gcs_dag.py took 0.133 seconds
[2024-01-10T23:03:52.745+0000] {processor.py:161} INFO - Started process (PID=1154) to work on /opt/airflow/dags/data_ingestion_gcs_dag.py
[2024-01-10T23:03:52.748+0000] {processor.py:830} INFO - Processing file /opt/airflow/dags/data_ingestion_gcs_dag.py for tasks to queue
[2024-01-10T23:03:52.753+0000] {logging_mixin.py:188} INFO - [2024-01-10T23:03:52.752+0000] {dagbag.py:538} INFO - Filling up the DagBag from /opt/airflow/dags/data_ingestion_gcs_dag.py
[2024-01-10T23:03:52.801+0000] {processor.py:840} INFO - DAG(s) 'data_ingestion_gcs_dag' retrieved from /opt/airflow/dags/data_ingestion_gcs_dag.py
[2024-01-10T23:03:52.830+0000] {logging_mixin.py:188} INFO - [2024-01-10T23:03:52.830+0000] {dag.py:3033} INFO - Sync 1 DAGs
[2024-01-10T23:03:52.861+0000] {processor.py:183} INFO - Processing /opt/airflow/dags/data_ingestion_gcs_dag.py took 0.126 seconds
[2024-01-10T23:04:23.086+0000] {processor.py:161} INFO - Started process (PID=1183) to work on /opt/airflow/dags/data_ingestion_gcs_dag.py
[2024-01-10T23:04:23.088+0000] {processor.py:830} INFO - Processing file /opt/airflow/dags/data_ingestion_gcs_dag.py for tasks to queue
[2024-01-10T23:04:23.097+0000] {logging_mixin.py:188} INFO - [2024-01-10T23:04:23.097+0000] {dagbag.py:538} INFO - Filling up the DagBag from /opt/airflow/dags/data_ingestion_gcs_dag.py
[2024-01-10T23:04:23.142+0000] {processor.py:840} INFO - DAG(s) 'data_ingestion_gcs_dag' retrieved from /opt/airflow/dags/data_ingestion_gcs_dag.py
[2024-01-10T23:04:23.170+0000] {logging_mixin.py:188} INFO - [2024-01-10T23:04:23.170+0000] {dag.py:3033} INFO - Sync 1 DAGs
[2024-01-10T23:04:23.197+0000] {processor.py:183} INFO - Processing /opt/airflow/dags/data_ingestion_gcs_dag.py took 0.116 seconds
[2024-01-10T23:04:53.477+0000] {processor.py:161} INFO - Started process (PID=1203) to work on /opt/airflow/dags/data_ingestion_gcs_dag.py
[2024-01-10T23:04:53.482+0000] {processor.py:830} INFO - Processing file /opt/airflow/dags/data_ingestion_gcs_dag.py for tasks to queue
[2024-01-10T23:04:53.488+0000] {logging_mixin.py:188} INFO - [2024-01-10T23:04:53.488+0000] {dagbag.py:538} INFO - Filling up the DagBag from /opt/airflow/dags/data_ingestion_gcs_dag.py
[2024-01-10T23:04:53.558+0000] {processor.py:840} INFO - DAG(s) 'data_ingestion_gcs_dag' retrieved from /opt/airflow/dags/data_ingestion_gcs_dag.py
[2024-01-10T23:04:53.592+0000] {logging_mixin.py:188} INFO - [2024-01-10T23:04:53.592+0000] {dag.py:3033} INFO - Sync 1 DAGs
[2024-01-10T23:04:53.621+0000] {processor.py:183} INFO - Processing /opt/airflow/dags/data_ingestion_gcs_dag.py took 0.152 seconds
[2024-01-10T23:05:23.880+0000] {processor.py:161} INFO - Started process (PID=1231) to work on /opt/airflow/dags/data_ingestion_gcs_dag.py
[2024-01-10T23:05:23.882+0000] {processor.py:830} INFO - Processing file /opt/airflow/dags/data_ingestion_gcs_dag.py for tasks to queue
[2024-01-10T23:05:23.891+0000] {logging_mixin.py:188} INFO - [2024-01-10T23:05:23.891+0000] {dagbag.py:538} INFO - Filling up the DagBag from /opt/airflow/dags/data_ingestion_gcs_dag.py
[2024-01-10T23:05:23.939+0000] {processor.py:840} INFO - DAG(s) 'data_ingestion_gcs_dag' retrieved from /opt/airflow/dags/data_ingestion_gcs_dag.py
[2024-01-10T23:05:23.967+0000] {logging_mixin.py:188} INFO - [2024-01-10T23:05:23.967+0000] {dag.py:3033} INFO - Sync 1 DAGs
[2024-01-10T23:05:23.994+0000] {processor.py:183} INFO - Processing /opt/airflow/dags/data_ingestion_gcs_dag.py took 0.119 seconds
[2024-01-10T23:05:54.164+0000] {processor.py:161} INFO - Started process (PID=1259) to work on /opt/airflow/dags/data_ingestion_gcs_dag.py
[2024-01-10T23:05:54.167+0000] {processor.py:830} INFO - Processing file /opt/airflow/dags/data_ingestion_gcs_dag.py for tasks to queue
[2024-01-10T23:05:54.171+0000] {logging_mixin.py:188} INFO - [2024-01-10T23:05:54.170+0000] {dagbag.py:538} INFO - Filling up the DagBag from /opt/airflow/dags/data_ingestion_gcs_dag.py
[2024-01-10T23:05:54.226+0000] {processor.py:840} INFO - DAG(s) 'data_ingestion_gcs_dag' retrieved from /opt/airflow/dags/data_ingestion_gcs_dag.py
[2024-01-10T23:05:54.257+0000] {logging_mixin.py:188} INFO - [2024-01-10T23:05:54.257+0000] {dag.py:3033} INFO - Sync 1 DAGs
[2024-01-10T23:05:54.292+0000] {processor.py:183} INFO - Processing /opt/airflow/dags/data_ingestion_gcs_dag.py took 0.132 seconds
[2024-01-10T23:06:24.744+0000] {processor.py:161} INFO - Started process (PID=1280) to work on /opt/airflow/dags/data_ingestion_gcs_dag.py
[2024-01-10T23:06:24.747+0000] {processor.py:830} INFO - Processing file /opt/airflow/dags/data_ingestion_gcs_dag.py for tasks to queue
[2024-01-10T23:06:24.754+0000] {logging_mixin.py:188} INFO - [2024-01-10T23:06:24.753+0000] {dagbag.py:538} INFO - Filling up the DagBag from /opt/airflow/dags/data_ingestion_gcs_dag.py
[2024-01-10T23:06:24.823+0000] {processor.py:840} INFO - DAG(s) 'data_ingestion_gcs_dag' retrieved from /opt/airflow/dags/data_ingestion_gcs_dag.py
[2024-01-10T23:06:24.859+0000] {logging_mixin.py:188} INFO - [2024-01-10T23:06:24.859+0000] {dag.py:3033} INFO - Sync 1 DAGs
[2024-01-10T23:06:24.893+0000] {processor.py:183} INFO - Processing /opt/airflow/dags/data_ingestion_gcs_dag.py took 0.156 seconds
[2024-01-10T23:06:55.359+0000] {processor.py:161} INFO - Started process (PID=1310) to work on /opt/airflow/dags/data_ingestion_gcs_dag.py
[2024-01-10T23:06:55.364+0000] {processor.py:830} INFO - Processing file /opt/airflow/dags/data_ingestion_gcs_dag.py for tasks to queue
[2024-01-10T23:06:55.374+0000] {logging_mixin.py:188} INFO - [2024-01-10T23:06:55.373+0000] {dagbag.py:538} INFO - Filling up the DagBag from /opt/airflow/dags/data_ingestion_gcs_dag.py
[2024-01-10T23:06:55.462+0000] {processor.py:840} INFO - DAG(s) 'data_ingestion_gcs_dag' retrieved from /opt/airflow/dags/data_ingestion_gcs_dag.py
[2024-01-10T23:06:55.514+0000] {logging_mixin.py:188} INFO - [2024-01-10T23:06:55.514+0000] {dag.py:3033} INFO - Sync 1 DAGs
[2024-01-10T23:06:55.565+0000] {processor.py:183} INFO - Processing /opt/airflow/dags/data_ingestion_gcs_dag.py took 0.215 seconds
[2024-01-10T23:07:26.010+0000] {processor.py:161} INFO - Started process (PID=1332) to work on /opt/airflow/dags/data_ingestion_gcs_dag.py
[2024-01-10T23:07:26.013+0000] {processor.py:830} INFO - Processing file /opt/airflow/dags/data_ingestion_gcs_dag.py for tasks to queue
[2024-01-10T23:07:26.022+0000] {logging_mixin.py:188} INFO - [2024-01-10T23:07:26.021+0000] {dagbag.py:538} INFO - Filling up the DagBag from /opt/airflow/dags/data_ingestion_gcs_dag.py
[2024-01-10T23:07:26.081+0000] {processor.py:840} INFO - DAG(s) 'data_ingestion_gcs_dag' retrieved from /opt/airflow/dags/data_ingestion_gcs_dag.py
[2024-01-10T23:07:26.117+0000] {logging_mixin.py:188} INFO - [2024-01-10T23:07:26.116+0000] {dag.py:3033} INFO - Sync 1 DAGs
[2024-01-10T23:07:26.156+0000] {processor.py:183} INFO - Processing /opt/airflow/dags/data_ingestion_gcs_dag.py took 0.154 seconds
[2024-01-10T23:07:56.498+0000] {processor.py:161} INFO - Started process (PID=1361) to work on /opt/airflow/dags/data_ingestion_gcs_dag.py
[2024-01-10T23:07:56.502+0000] {processor.py:830} INFO - Processing file /opt/airflow/dags/data_ingestion_gcs_dag.py for tasks to queue
[2024-01-10T23:07:56.509+0000] {logging_mixin.py:188} INFO - [2024-01-10T23:07:56.508+0000] {dagbag.py:538} INFO - Filling up the DagBag from /opt/airflow/dags/data_ingestion_gcs_dag.py
[2024-01-10T23:07:56.569+0000] {processor.py:840} INFO - DAG(s) 'data_ingestion_gcs_dag' retrieved from /opt/airflow/dags/data_ingestion_gcs_dag.py
[2024-01-10T23:07:56.597+0000] {logging_mixin.py:188} INFO - [2024-01-10T23:07:56.597+0000] {dag.py:3033} INFO - Sync 1 DAGs
[2024-01-10T23:07:56.623+0000] {processor.py:183} INFO - Processing /opt/airflow/dags/data_ingestion_gcs_dag.py took 0.131 seconds
[2024-01-10T23:08:26.794+0000] {processor.py:161} INFO - Started process (PID=1390) to work on /opt/airflow/dags/data_ingestion_gcs_dag.py
[2024-01-10T23:08:26.796+0000] {processor.py:830} INFO - Processing file /opt/airflow/dags/data_ingestion_gcs_dag.py for tasks to queue
[2024-01-10T23:08:26.800+0000] {logging_mixin.py:188} INFO - [2024-01-10T23:08:26.800+0000] {dagbag.py:538} INFO - Filling up the DagBag from /opt/airflow/dags/data_ingestion_gcs_dag.py
[2024-01-10T23:08:26.830+0000] {processor.py:840} INFO - DAG(s) 'data_ingestion_gcs_dag' retrieved from /opt/airflow/dags/data_ingestion_gcs_dag.py
[2024-01-10T23:08:26.852+0000] {logging_mixin.py:188} INFO - [2024-01-10T23:08:26.852+0000] {dag.py:3033} INFO - Sync 1 DAGs
[2024-01-10T23:08:26.886+0000] {processor.py:183} INFO - Processing /opt/airflow/dags/data_ingestion_gcs_dag.py took 0.097 seconds
[2024-01-10T23:08:57.234+0000] {processor.py:161} INFO - Started process (PID=1410) to work on /opt/airflow/dags/data_ingestion_gcs_dag.py
[2024-01-10T23:08:57.237+0000] {processor.py:830} INFO - Processing file /opt/airflow/dags/data_ingestion_gcs_dag.py for tasks to queue
[2024-01-10T23:08:57.241+0000] {logging_mixin.py:188} INFO - [2024-01-10T23:08:57.241+0000] {dagbag.py:538} INFO - Filling up the DagBag from /opt/airflow/dags/data_ingestion_gcs_dag.py
[2024-01-10T23:08:57.290+0000] {processor.py:840} INFO - DAG(s) 'data_ingestion_gcs_dag' retrieved from /opt/airflow/dags/data_ingestion_gcs_dag.py
[2024-01-10T23:08:57.317+0000] {logging_mixin.py:188} INFO - [2024-01-10T23:08:57.317+0000] {dag.py:3033} INFO - Sync 1 DAGs
[2024-01-10T23:08:57.343+0000] {processor.py:183} INFO - Processing /opt/airflow/dags/data_ingestion_gcs_dag.py took 0.114 seconds
[2024-01-10T23:09:27.645+0000] {processor.py:161} INFO - Started process (PID=1439) to work on /opt/airflow/dags/data_ingestion_gcs_dag.py
[2024-01-10T23:09:27.648+0000] {processor.py:830} INFO - Processing file /opt/airflow/dags/data_ingestion_gcs_dag.py for tasks to queue
[2024-01-10T23:09:27.654+0000] {logging_mixin.py:188} INFO - [2024-01-10T23:09:27.653+0000] {dagbag.py:538} INFO - Filling up the DagBag from /opt/airflow/dags/data_ingestion_gcs_dag.py
[2024-01-10T23:09:27.706+0000] {processor.py:840} INFO - DAG(s) 'data_ingestion_gcs_dag' retrieved from /opt/airflow/dags/data_ingestion_gcs_dag.py
[2024-01-10T23:09:27.741+0000] {logging_mixin.py:188} INFO - [2024-01-10T23:09:27.741+0000] {dag.py:3033} INFO - Sync 1 DAGs
[2024-01-10T23:09:27.769+0000] {processor.py:183} INFO - Processing /opt/airflow/dags/data_ingestion_gcs_dag.py took 0.136 seconds
[2024-01-10T23:09:58.005+0000] {processor.py:161} INFO - Started process (PID=1468) to work on /opt/airflow/dags/data_ingestion_gcs_dag.py
[2024-01-10T23:09:58.007+0000] {processor.py:830} INFO - Processing file /opt/airflow/dags/data_ingestion_gcs_dag.py for tasks to queue
[2024-01-10T23:09:58.013+0000] {logging_mixin.py:188} INFO - [2024-01-10T23:09:58.013+0000] {dagbag.py:538} INFO - Filling up the DagBag from /opt/airflow/dags/data_ingestion_gcs_dag.py
[2024-01-10T23:09:58.057+0000] {processor.py:840} INFO - DAG(s) 'data_ingestion_gcs_dag' retrieved from /opt/airflow/dags/data_ingestion_gcs_dag.py
[2024-01-10T23:09:58.088+0000] {logging_mixin.py:188} INFO - [2024-01-10T23:09:58.088+0000] {dag.py:3033} INFO - Sync 1 DAGs
[2024-01-10T23:09:58.118+0000] {processor.py:183} INFO - Processing /opt/airflow/dags/data_ingestion_gcs_dag.py took 0.119 seconds
